[17-Oct-2024 19:14:24 Europe/Berlin] PHP Warning:  Undefined array key "funcion" in C:\xampp\htdocs\obligatorio\backend\controlador\ProductosController.php on line 4
[17-Oct-2024 19:16:47 Europe/Berlin] PHP Warning:  Undefined array key "funcion" in C:\xampp\htdocs\obligatorio\backend\controlador\ProductosController.php on line 4
[17-Oct-2024 19:17:05 Europe/Berlin] PHP Warning:  Undefined array key "funcion" in C:\xampp\htdocs\obligatorio\backend\controlador\ProductosController.php on line 4
[17-Oct-2024 19:18:24 Europe/Berlin] PHP Warning:  Undefined array key "nombre" in C:\xampp\htdocs\obligatorio\backend\controlador\ProductosController.php on line 39
[17-Oct-2024 19:18:24 Europe/Berlin] PHP Warning:  Undefined array key "precio" in C:\xampp\htdocs\obligatorio\backend\controlador\ProductosController.php on line 40
[17-Oct-2024 19:18:24 Europe/Berlin] PHP Warning:  Undefined array key "color" in C:\xampp\htdocs\obligatorio\backend\controlador\ProductosController.php on line 41
[17-Oct-2024 19:18:24 Europe/Berlin] PHP Warning:  Undefined array key "estado" in C:\xampp\htdocs\obligatorio\backend\controlador\ProductosController.php on line 42
[17-Oct-2024 19:18:24 Europe/Berlin] PHP Warning:  Undefined array key "stock" in C:\xampp\htdocs\obligatorio\backend\controlador\ProductosController.php on line 43
[17-Oct-2024 19:18:24 Europe/Berlin] PHP Warning:  Undefined array key "descripcion" in C:\xampp\htdocs\obligatorio\backend\controlador\ProductosController.php on line 44
[17-Oct-2024 19:18:24 Europe/Berlin] PHP Warning:  Undefined array key "imagen" in C:\xampp\htdocs\obligatorio\backend\controlador\ProductosController.php on line 45
[17-Oct-2024 19:18:24 Europe/Berlin] PHP Warning:  Trying to access array offset on value of type null in C:\xampp\htdocs\obligatorio\backend\modelo\ProductoDAO.php on line 35
[17-Oct-2024 19:18:24 Europe/Berlin] PHP Warning:  Trying to access array offset on value of type null in C:\xampp\htdocs\obligatorio\backend\modelo\ProductoDAO.php on line 36
[17-Oct-2024 19:19:09 Europe/Berlin] PHP Warning:  Undefined array key "funcion" in C:\xampp\htdocs\obligatorio\backend\controlador\ProductosController.php on line 4
[17-Oct-2024 19:19:24 Europe/Berlin] PHP Warning:  Undefined array key "funcion" in C:\xampp\htdocs\obligatorio\backend\controlador\ProductosController.php on line 4
[17-Oct-2024 19:27:33 Europe/Berlin] PHP Warning:  Undefined array key "nombre" in C:\xampp\htdocs\obligatorio\backend\controlador\ProductosController.php on line 39
[17-Oct-2024 19:27:33 Europe/Berlin] PHP Warning:  Undefined array key "precio" in C:\xampp\htdocs\obligatorio\backend\controlador\ProductosController.php on line 40
[17-Oct-2024 19:27:33 Europe/Berlin] PHP Warning:  Undefined array key "color" in C:\xampp\htdocs\obligatorio\backend\controlador\ProductosController.php on line 41
[17-Oct-2024 19:27:33 Europe/Berlin] PHP Warning:  Undefined array key "estado" in C:\xampp\htdocs\obligatorio\backend\controlador\ProductosController.php on line 42
[17-Oct-2024 19:27:33 Europe/Berlin] PHP Warning:  Undefined array key "stock" in C:\xampp\htdocs\obligatorio\backend\controlador\ProductosController.php on line 43
[17-Oct-2024 19:27:33 Europe/Berlin] PHP Warning:  Undefined array key "descripcion" in C:\xampp\htdocs\obligatorio\backend\controlador\ProductosController.php on line 44
[17-Oct-2024 19:27:33 Europe/Berlin] PHP Warning:  Undefined array key "imagen" in C:\xampp\htdocs\obligatorio\backend\controlador\ProductosController.php on line 45
[17-Oct-2024 19:27:33 Europe/Berlin] PHP Warning:  Trying to access array offset on value of type null in C:\xampp\htdocs\obligatorio\backend\modelo\ProductoDAO.php on line 35
[17-Oct-2024 19:27:33 Europe/Berlin] PHP Warning:  Trying to access array offset on value of type null in C:\xampp\htdocs\obligatorio\backend\modelo\ProductoDAO.php on line 36
[17-Oct-2024 19:28:29 Europe/Berlin] PHP Warning:  Undefined array key "funcion" in C:\xampp\htdocs\obligatorio\backend\controlador\ProductosController.php on line 4
[17-Oct-2024 19:46:12 Europe/Berlin] PHP Warning:  Undefined array key "funcion" in C:\xampp\htdocs\obligatorio\backend\controlador\ProductosController.php on line 4
[17-Oct-2024 19:50:08 Europe/Berlin] PHP Warning:  Undefined array key "nombre" in C:\xampp\htdocs\obligatorio\backend\controlador\ProductosController.php on line 39
[17-Oct-2024 19:50:08 Europe/Berlin] PHP Warning:  Undefined array key "precio" in C:\xampp\htdocs\obligatorio\backend\controlador\ProductosController.php on line 40
[17-Oct-2024 19:50:08 Europe/Berlin] PHP Warning:  Undefined array key "color" in C:\xampp\htdocs\obligatorio\backend\controlador\ProductosController.php on line 41
[17-Oct-2024 19:50:08 Europe/Berlin] PHP Warning:  Undefined array key "estado" in C:\xampp\htdocs\obligatorio\backend\controlador\ProductosController.php on line 42
[17-Oct-2024 19:50:08 Europe/Berlin] PHP Warning:  Undefined array key "stock" in C:\xampp\htdocs\obligatorio\backend\controlador\ProductosController.php on line 43
[17-Oct-2024 19:50:08 Europe/Berlin] PHP Warning:  Undefined array key "descripcion" in C:\xampp\htdocs\obligatorio\backend\controlador\ProductosController.php on line 44
[17-Oct-2024 19:50:08 Europe/Berlin] PHP Warning:  Undefined array key "imagen" in C:\xampp\htdocs\obligatorio\backend\controlador\ProductosController.php on line 45
[17-Oct-2024 19:50:08 Europe/Berlin] PHP Warning:  Trying to access array offset on value of type null in C:\xampp\htdocs\obligatorio\backend\modelo\ProductoDAO.php on line 35
[17-Oct-2024 19:50:08 Europe/Berlin] PHP Warning:  Trying to access array offset on value of type null in C:\xampp\htdocs\obligatorio\backend\modelo\ProductoDAO.php on line 36
