[13-Jun-2024 21:28:01 Europe/Berlin] PHP Notice:  Undefined index: funcion in C:\xampp\htdocs\obligatorio-1\Obligatorio\BACKEND\CONTROLADOR\admin.php on line 4
[13-Jun-2024 21:32:51 Europe/Berlin] PHP Notice:  Undefined index: funcion in C:\xampp\htdocs\obligatorio-1\Obligatorio\BACKEND\CONTROLADOR\vehiculo.php on line 4
[13-Jun-2024 21:34:16 Europe/Berlin] PHP Notice:  Undefined index: marca in C:\xampp\htdocs\obligatorio-1\Obligatorio\BACKEND\CONTROLADOR\vehiculo.php on line 29
[13-Jun-2024 21:34:16 Europe/Berlin] PHP Notice:  Undefined index: modelo in C:\xampp\htdocs\obligatorio-1\Obligatorio\BACKEND\CONTROLADOR\vehiculo.php on line 30
[13-Jun-2024 21:34:16 Europe/Berlin] PHP Notice:  Undefined index: anio in C:\xampp\htdocs\obligatorio-1\Obligatorio\BACKEND\CONTROLADOR\vehiculo.php on line 31
[13-Jun-2024 21:36:05 Europe/Berlin] PHP Notice:  Undefined index: marca in C:\xampp\htdocs\obligatorio-1\Obligatorio\BACKEND\CONTROLADOR\vehiculo.php on line 29
[13-Jun-2024 21:36:05 Europe/Berlin] PHP Notice:  Undefined index: modelo in C:\xampp\htdocs\obligatorio-1\Obligatorio\BACKEND\CONTROLADOR\vehiculo.php on line 30
[13-Jun-2024 21:36:05 Europe/Berlin] PHP Notice:  Undefined index: anio in C:\xampp\htdocs\obligatorio-1\Obligatorio\BACKEND\CONTROLADOR\vehiculo.php on line 31
[13-Jun-2024 21:37:13 Europe/Berlin] PHP Notice:  Undefined index: funcion in C:\xampp\htdocs\obligatorio-1\Obligatorio\BACKEND\CONTROLADOR\cliente.php on line 4
[13-Jun-2024 21:41:53 Europe/Berlin] PHP Notice:  Undefined index: funcion in C:\xampp\htdocs\obligatorio-1\Obligatorio\BACKEND\CONTROLADOR\vehiculo.php on line 4
[13-Jun-2024 21:42:19 Europe/Berlin] PHP Notice:  Undefined index: marca in C:\xampp\htdocs\obligatorio-1\Obligatorio\BACKEND\CONTROLADOR\vehiculo.php on line 29
[13-Jun-2024 21:42:19 Europe/Berlin] PHP Notice:  Undefined index: modelo in C:\xampp\htdocs\obligatorio-1\Obligatorio\BACKEND\CONTROLADOR\vehiculo.php on line 30
[13-Jun-2024 21:42:19 Europe/Berlin] PHP Notice:  Undefined index: anio in C:\xampp\htdocs\obligatorio-1\Obligatorio\BACKEND\CONTROLADOR\vehiculo.php on line 31
cls
clear
[13-Jun-2024 21:43:10 Europe/Berlin] PHP Notice:  Undefined index: marca in C:\xampp\htdocs\obligatorio-1\Obligatorio\BACKEND\CONTROLADOR\vehiculo.php on line 29
[13-Jun-2024 21:43:10 Europe/Berlin] PHP Notice:  Undefined index: modelo in C:\xampp\htdocs\obligatorio-1\Obligatorio\BACKEND\CONTROLADOR\vehiculo.php on line 30
[13-Jun-2024 21:43:10 Europe/Berlin] PHP Notice:  Undefined index: anio in C:\xampp\htdocs\obligatorio-1\Obligatorio\BACKEND\CONTROLADOR\vehiculo.php on line 31
.
[13-Jun-2024 21:43:58 Europe/Berlin] PHP Notice:  Undefined index: marca in C:\xampp\htdocs\obligatorio-1\Obligatorio\BACKEND\CONTROLADOR\vehiculo.php on line 29
[13-Jun-2024 21:43:58 Europe/Berlin] PHP Notice:  Undefined index: modelo in C:\xampp\htdocs\obligatorio-1\Obligatorio\BACKEND\CONTROLADOR\vehiculo.php on line 30
[13-Jun-2024 21:43:58 Europe/Berlin] PHP Notice:  Undefined index: anio in C:\xampp\htdocs\obligatorio-1\Obligatorio\BACKEND\CONTROLADOR\vehiculo.php on line 31
[13-Jun-2024 21:45:19 Europe/Berlin] PHP Notice:  Undefined index: marca in C:\xampp\htdocs\obligatorio-1\Obligatorio\BACKEND\CONTROLADOR\vehiculo.php on line 29
[13-Jun-2024 21:45:19 Europe/Berlin] PHP Notice:  Undefined index: modelo in C:\xampp\htdocs\obligatorio-1\Obligatorio\BACKEND\CONTROLADOR\vehiculo.php on line 30
[13-Jun-2024 21:45:19 Europe/Berlin] PHP Notice:  Undefined index: anio in C:\xampp\htdocs\obligatorio-1\Obligatorio\BACKEND\CONTROLADOR\vehiculo.php on line 31
.
[13-Jun-2024 21:47:45 Europe/Berlin] PHP Notice:  Undefined index: funcion in C:\xampp\htdocs\obligatorio-1\Obligatorio\BACKEND\CONTROLADOR\vehiculo.php on line 4
[13-Jun-2024 21:48:05 Europe/Berlin] PHP Notice:  Undefined index: marca in C:\xampp\htdocs\obligatorio-1\Obligatorio\BACKEND\CONTROLADOR\vehiculo.php on line 29
[13-Jun-2024 21:48:05 Europe/Berlin] PHP Notice:  Undefined index: modelo in C:\xampp\htdocs\obligatorio-1\Obligatorio\BACKEND\CONTROLADOR\vehiculo.php on line 30
[13-Jun-2024 21:48:05 Europe/Berlin] PHP Notice:  Undefined index: anio in C:\xampp\htdocs\obligatorio-1\Obligatorio\BACKEND\CONTROLADOR\vehiculo.php on line 31
[13-Jun-2024 21:48:49 Europe/Berlin] PHP Notice:  Undefined index: marca in C:\xampp\htdocs\obligatorio-1\Obligatorio\BACKEND\CONTROLADOR\vehiculo.php on line 29
[13-Jun-2024 21:48:49 Europe/Berlin] PHP Notice:  Undefined index: modelo in C:\xampp\htdocs\obligatorio-1\Obligatorio\BACKEND\CONTROLADOR\vehiculo.php on line 30
[13-Jun-2024 21:48:49 Europe/Berlin] PHP Notice:  Undefined index: anio in C:\xampp\htdocs\obligatorio-1\Obligatorio\BACKEND\CONTROLADOR\vehiculo.php on line 31
[13-Jun-2024 21:49:23 Europe/Berlin] PHP Notice:  Undefined index: marca in C:\xampp\htdocs\obligatorio-1\Obligatorio\BACKEND\CONTROLADOR\vehiculo.php on line 29
[13-Jun-2024 21:49:23 Europe/Berlin] PHP Notice:  Undefined index: modelo in C:\xampp\htdocs\obligatorio-1\Obligatorio\BACKEND\CONTROLADOR\vehiculo.php on line 30
[13-Jun-2024 21:49:23 Europe/Berlin] PHP Notice:  Undefined index: anio in C:\xampp\htdocs\obligatorio-1\Obligatorio\BACKEND\CONTROLADOR\vehiculo.php on line 31
[13-Jun-2024 21:55:04 Europe/Berlin] PHP Notice:  Undefined index: funcion in C:\xampp\htdocs\obligatorio-1\Obligatorio\BACKEND\CONTROLADOR\vehiculo.php on line 4
[13-Jun-2024 21:57:13 Europe/Berlin] PHP Notice:  Undefined index: marca in C:\xampp\htdocs\obligatorio-1\Obligatorio\BACKEND\CONTROLADOR\vehiculo.php on line 29
[13-Jun-2024 21:57:13 Europe/Berlin] PHP Notice:  Undefined index: modelo in C:\xampp\htdocs\obligatorio-1\Obligatorio\BACKEND\CONTROLADOR\vehiculo.php on line 30
[13-Jun-2024 21:57:13 Europe/Berlin] PHP Notice:  Undefined index: anio in C:\xampp\htdocs\obligatorio-1\Obligatorio\BACKEND\CONTROLADOR\vehiculo.php on line 31
.
[13-Jun-2024 21:58:06 Europe/Berlin] PHP Notice:  Undefined index: marca in C:\xampp\htdocs\obligatorio-1\Obligatorio\BACKEND\CONTROLADOR\vehiculo.php on line 29
[13-Jun-2024 21:58:06 Europe/Berlin] PHP Notice:  Undefined index: modelo in C:\xampp\htdocs\obligatorio-1\Obligatorio\BACKEND\CONTROLADOR\vehiculo.php on line 30
[13-Jun-2024 21:58:06 Europe/Berlin] PHP Notice:  Undefined index: anio in C:\xampp\htdocs\obligatorio-1\Obligatorio\BACKEND\CONTROLADOR\vehiculo.php on line 31
[13-Jun-2024 21:58:47 Europe/Berlin] PHP Notice:  Undefined index: marca in C:\xampp\htdocs\obligatorio-1\Obligatorio\BACKEND\CONTROLADOR\vehiculo.php on line 29
[13-Jun-2024 21:58:47 Europe/Berlin] PHP Notice:  Undefined index: modelo in C:\xampp\htdocs\obligatorio-1\Obligatorio\BACKEND\CONTROLADOR\vehiculo.php on line 30
[13-Jun-2024 21:58:47 Europe/Berlin] PHP Notice:  Undefined index: anio in C:\xampp\htdocs\obligatorio-1\Obligatorio\BACKEND\CONTROLADOR\vehiculo.php on line 31
.
[13-Jun-2024 22:05:20 Europe/Berlin] PHP Notice:  Undefined index: funcion in C:\xampp\htdocs\obligatorio-1\Obligatorio\BACKEND\CONTROLADOR\vehiculo.php on line 4
[13-Jun-2024 22:06:34 Europe/Berlin] PHP Notice:  Undefined index: marca in C:\xampp\htdocs\obligatorio-1\Obligatorio\BACKEND\CONTROLADOR\vehiculo.php on line 29
[13-Jun-2024 22:06:34 Europe/Berlin] PHP Notice:  Undefined index: modelo in C:\xampp\htdocs\obligatorio-1\Obligatorio\BACKEND\CONTROLADOR\vehiculo.php on line 30
[13-Jun-2024 22:06:34 Europe/Berlin] PHP Notice:  Undefined index: anio in C:\xampp\htdocs\obligatorio-1\Obligatorio\BACKEND\CONTROLADOR\vehiculo.php on line 31
[13-Jun-2024 22:17:34 Europe/Berlin] PHP Notice:  Undefined index: marca in C:\xampp\htdocs\obligatorio-1\Obligatorio\BACKEND\CONTROLADOR\vehiculo.php on line 29
[13-Jun-2024 22:17:34 Europe/Berlin] PHP Notice:  Undefined index: modelo in C:\xampp\htdocs\obligatorio-1\Obligatorio\BACKEND\CONTROLADOR\vehiculo.php on line 30
[13-Jun-2024 22:17:34 Europe/Berlin] PHP Notice:  Undefined index: anio in C:\xampp\htdocs\obligatorio-1\Obligatorio\BACKEND\CONTROLADOR\vehiculo.php on line 31
.

[13-Jun-2024 22:33:01 Europe/Berlin] PHP Notice:  Undefined index: funcion in C:\xampp\htdocs\obligatorio-1\Obligatorio\BACKEND\CONTROLADOR\admin.php on line 4
[13-Jun-2024 22:33:54 Europe/Berlin] PHP Notice:  Undefined index: usuario in C:\xampp\htdocs\obligatorio-1\Obligatorio\BACKEND\CONTROLADOR\admin.php on line 29
[13-Jun-2024 22:33:54 Europe/Berlin] PHP Notice:  Undefined index: contrasenia in C:\xampp\htdocs\obligatorio-1\Obligatorio\BACKEND\CONTROLADOR\admin.php on line 30
[13-Jun-2024 22:33:54 Europe/Berlin] PHP Notice:  Undefined index: id_persona in C:\xampp\htdocs\obligatorio-1\Obligatorio\BACKEND\CONTROLADOR\admin.php on line 31
[13-Jun-2024 22:33:57 Europe/Berlin] PHP Notice:  Undefined index: usuario in C:\xampp\htdocs\obligatorio-1\Obligatorio\BACKEND\CONTROLADOR\admin.php on line 29
[13-Jun-2024 22:33:57 Europe/Berlin] PHP Notice:  Undefined index: contrasenia in C:\xampp\htdocs\obligatorio-1\Obligatorio\BACKEND\CONTROLADOR\admin.php on line 30
[13-Jun-2024 22:33:57 Europe/Berlin] PHP Notice:  Undefined index: id_persona in C:\xampp\htdocs\obligatorio-1\Obligatorio\BACKEND\CONTROLADOR\admin.php on line 31
[13-Jun-2024 22:34:08 Europe/Berlin] PHP Notice:  Undefined index: usuario in C:\xampp\htdocs\obligatorio-1\Obligatorio\BACKEND\CONTROLADOR\admin.php on line 29
[13-Jun-2024 22:34:08 Europe/Berlin] PHP Notice:  Undefined index: contrasenia in C:\xampp\htdocs\obligatorio-1\Obligatorio\BACKEND\CONTROLADOR\admin.php on line 30
[13-Jun-2024 22:34:08 Europe/Berlin] PHP Notice:  Undefined index: id_persona in C:\xampp\htdocs\obligatorio-1\Obligatorio\BACKEND\CONTROLADOR\admin.php on line 31
